<?xml version="1.0" encoding="UTF-8"?>
<testsuite name="com.bridgelabz.generics.test.MaximumValueTest" tests="1" skipped="0" failures="0" errors="0" timestamp="2020-08-31T18:58:14" hostname="DESKTOP-96O27FC" time="0.001">
  <properties/>
  <testcase name="whenGivenMaxStringInArray_InSecondPosition_thenReturnSameString" classname="com.bridgelabz.generics.test.MaximumValueTest" time="0.001"/>
  <system-out><![CDATA[]]></system-out>
  <system-err><![CDATA[]]></system-err>
</testsuite>
