<?xml version="1.0" encoding="UTF-8"?>
<testsuite name="com.bridgelabz.generics.test.MaximumValueTest" tests="9" skipped="0" failures="0" errors="0" timestamp="2020-08-31T21:36:30" hostname="DESKTOP-96O27FC" time="0.017">
  <properties/>
  <testcase name="whenGivenMaxString_InThirdPosition_thenReturnSameString" classname="com.bridgelabz.generics.test.MaximumValueTest" time="0.012"/>
  <testcase name="whenGivenFloatNo_InThirdPosition_thenReturnSameNumber" classname="com.bridgelabz.generics.test.MaximumValueTest" time="0.0"/>
  <testcase name="whenGivenMaxString_InFirstPosition_thenReturnSameString" classname="com.bridgelabz.generics.test.MaximumValueTest" time="0.0"/>
  <testcase name="whenGivenFloatNo_InFirstPosition_thenReturnSameNumber" classname="com.bridgelabz.generics.test.MaximumValueTest" time="0.001"/>
  <testcase name="whenGivenNo_InSecondPosition_thenReturnSameNumber" classname="com.bridgelabz.generics.test.MaximumValueTest" time="0.0"/>
  <testcase name="whenGivenNo_InThirdPosition_thenReturnSameNumber" classname="com.bridgelabz.generics.test.MaximumValueTest" time="0.0"/>
  <testcase name="whenGivenFloatNo_InSecondPosition_thenReturnSameNumber" classname="com.bridgelabz.generics.test.MaximumValueTest" time="0.001"/>
  <testcase name="whenGivenNo_InFirstPosition_thenReturnSameNumber" classname="com.bridgelabz.generics.test.MaximumValueTest" time="0.0"/>
  <testcase name="whenGivenMaxString_InSecondPosition_thenReturnSameString" classname="com.bridgelabz.generics.test.MaximumValueTest" time="0.0"/>
  <system-out><![CDATA[]]></system-out>
  <system-err><![CDATA[]]></system-err>
</testsuite>
