<?xml version="1.0" encoding="UTF-8"?>
<testsuite name="com.bridgelabz.generics.test.MaximumValueTest" tests="1" skipped="0" failures="0" errors="0" timestamp="2020-08-31T22:48:38" hostname="DESKTOP-96O27FC" time="0.007">
  <properties/>
  <testcase name="whenGivenMoreThen3Inputs_InString_ThenReturnAndPrintMaxString" classname="com.bridgelabz.generics.test.MaximumValueTest" time="0.007"/>
  <system-out><![CDATA[Max value is--->watermelon
]]></system-out>
  <system-err><![CDATA[]]></system-err>
</testsuite>
