<?xml version="1.0" encoding="UTF-8"?>
<testsuite name="com.bridgelabz.generics.test.MaximumValueTest" tests="1" skipped="0" failures="0" errors="0" timestamp="2020-08-31T13:53:16" hostname="DESKTOP-96O27FC" time="0.002">
  <properties/>
  <testcase name="whenGivenDoubleNo_InThirdPosition_thenReturnSameNumber" classname="com.bridgelabz.generics.test.MaximumValueTest" time="0.002"/>
  <system-out><![CDATA[]]></system-out>
  <system-err><![CDATA[]]></system-err>
</testsuite>
